::1 - - [28/Apr/2021:17:46:32 +0000] "GET / HTTP/1.1" 304 - "http://localhost:8000/users/sign-in" "Mozilla/5.0 (X11; Linux x86_64) AppleWebKit/537.36 (KHTML, like Gecko) Chrome/90.0.4430.72 Safari/537.36"
::1 - - [28/Apr/2021:17:46:34 +0000] "GET / HTTP/1.1" 304 - "http://localhost:8000/users/sign-in" "Mozilla/5.0 (X11; Linux x86_64) AppleWebKit/537.36 (KHTML, like Gecko) Chrome/90.0.4430.72 Safari/537.36"
::1 - - [28/Apr/2021:17:46:46 +0000] "GET /users/profile/60897f9a7c0ea638a5715e83 HTTP/1.1" 302 72 "http://localhost:8000/" "Mozilla/5.0 (X11; Linux x86_64) AppleWebKit/537.36 (KHTML, like Gecko) Chrome/90.0.4430.72 Safari/537.36"
::1 - - [28/Apr/2021:17:46:46 +0000] "GET /users/sign-in HTTP/1.1" 304 - "http://localhost:8000/" "Mozilla/5.0 (X11; Linux x86_64) AppleWebKit/537.36 (KHTML, like Gecko) Chrome/90.0.4430.72 Safari/537.36"
[0mGET / [32m200[0m 1465.833 ms - 12216[0m
[0mGET /favicon.ico [33m404[0m 21.176 ms - 150[0m
[0mGET / [36m304[0m 96.155 ms - -[0m
::1 - - [29/Apr/2021:16:15:00 +0000] "GET / HTTP/1.1" 200 2558 "-" "Mozilla/5.0 (X11; Linux x86_64) AppleWebKit/537.36 (KHTML, like Gecko) Chrome/90.0.4430.72 Safari/537.36"
::1 - - [29/Apr/2021:16:15:00 +0000] "GET /css/layout-7baa573782.css HTTP/1.1" 404 164 "http://localhost:8000/" "Mozilla/5.0 (X11; Linux x86_64) AppleWebKit/537.36 (KHTML, like Gecko) Chrome/90.0.4430.72 Safari/537.36"
::1 - - [29/Apr/2021:16:15:00 +0000] "GET /css/header-1330a29a04.css HTTP/1.1" 404 164 "http://localhost:8000/" "Mozilla/5.0 (X11; Linux x86_64) AppleWebKit/537.36 (KHTML, like Gecko) Chrome/90.0.4430.72 Safari/537.36"
::1 - - [29/Apr/2021:16:15:00 +0000] "GET /css/footer-18d3719a47.css HTTP/1.1" 404 164 "http://localhost:8000/" "Mozilla/5.0 (X11; Linux x86_64) AppleWebKit/537.36 (KHTML, like Gecko) Chrome/90.0.4430.72 Safari/537.36"
::1 - - [29/Apr/2021:16:15:00 +0000] "GET /css/chatbox-2b33ec51ea.css HTTP/1.1" 404 165 "http://localhost:8000/" "Mozilla/5.0 (X11; Linux x86_64) AppleWebKit/537.36 (KHTML, like Gecko) Chrome/90.0.4430.72 Safari/537.36"
::1 - - [29/Apr/2021:16:15:00 +0000] "GET /css/home.css HTTP/1.1" 404 151 "http://localhost:8000/" "Mozilla/5.0 (X11; Linux x86_64) AppleWebKit/537.36 (KHTML, like Gecko) Chrome/90.0.4430.72 Safari/537.36"
::1 - - [29/Apr/2021:16:15:00 +0000] "GET /js/home_posts.js HTTP/1.1" 404 155 "http://localhost:8000/" "Mozilla/5.0 (X11; Linux x86_64) AppleWebKit/537.36 (KHTML, like Gecko) Chrome/90.0.4430.72 Safari/537.36"
::1 - - [29/Apr/2021:16:15:00 +0000] "GET /js/home_comments.js HTTP/1.1" 404 158 "http://localhost:8000/" "Mozilla/5.0 (X11; Linux x86_64) AppleWebKit/537.36 (KHTML, like Gecko) Chrome/90.0.4430.72 Safari/537.36"
::1 - - [29/Apr/2021:16:15:00 +0000] "GET /js/toggle_likes.js HTTP/1.1" 404 157 "http://localhost:8000/" "Mozilla/5.0 (X11; Linux x86_64) AppleWebKit/537.36 (KHTML, like Gecko) Chrome/90.0.4430.72 Safari/537.36"
::1 - - [29/Apr/2021:16:15:00 +0000] "GET /js/chat_engine.js HTTP/1.1" 404 156 "http://localhost:8000/" "Mozilla/5.0 (X11; Linux x86_64) AppleWebKit/537.36 (KHTML, like Gecko) Chrome/90.0.4430.72 Safari/537.36"
::1 - - [29/Apr/2021:16:15:28 +0000] "GET / HTTP/1.1" 200 2554 "-" "Mozilla/5.0 (X11; Linux x86_64) AppleWebKit/537.36 (KHTML, like Gecko) Chrome/90.0.4430.72 Safari/537.36"
::1 - - [29/Apr/2021:16:15:28 +0000] "GET /css/layout-7baa573782.css HTTP/1.1" 404 164 "http://localhost:8000/" "Mozilla/5.0 (X11; Linux x86_64) AppleWebKit/537.36 (KHTML, like Gecko) Chrome/90.0.4430.72 Safari/537.36"
::1 - - [29/Apr/2021:16:15:28 +0000] "GET /css/header-1330a29a04.css HTTP/1.1" 404 164 "http://localhost:8000/" "Mozilla/5.0 (X11; Linux x86_64) AppleWebKit/537.36 (KHTML, like Gecko) Chrome/90.0.4430.72 Safari/537.36"
::1 - - [29/Apr/2021:16:15:28 +0000] "GET /css/footer-18d3719a47.css HTTP/1.1" 404 164 "http://localhost:8000/" "Mozilla/5.0 (X11; Linux x86_64) AppleWebKit/537.36 (KHTML, like Gecko) Chrome/90.0.4430.72 Safari/537.36"
::1 - - [29/Apr/2021:16:15:28 +0000] "GET /css/chatbox-2b33ec51ea.css HTTP/1.1" 404 165 "http://localhost:8000/" "Mozilla/5.0 (X11; Linux x86_64) AppleWebKit/537.36 (KHTML, like Gecko) Chrome/90.0.4430.72 Safari/537.36"
::1 - - [29/Apr/2021:16:15:28 +0000] "GET /css/home.css HTTP/1.1" 404 151 "http://localhost:8000/" "Mozilla/5.0 (X11; Linux x86_64) AppleWebKit/537.36 (KHTML, like Gecko) Chrome/90.0.4430.72 Safari/537.36"
::1 - - [29/Apr/2021:16:15:28 +0000] "GET /js/home_posts.js HTTP/1.1" 404 155 "http://localhost:8000/" "Mozilla/5.0 (X11; Linux x86_64) AppleWebKit/537.36 (KHTML, like Gecko) Chrome/90.0.4430.72 Safari/537.36"
::1 - - [29/Apr/2021:16:15:28 +0000] "GET /js/home_comments.js HTTP/1.1" 404 158 "http://localhost:8000/" "Mozilla/5.0 (X11; Linux x86_64) AppleWebKit/537.36 (KHTML, like Gecko) Chrome/90.0.4430.72 Safari/537.36"
::1 - - [29/Apr/2021:16:15:28 +0000] "GET /js/toggle_likes.js HTTP/1.1" 404 157 "http://localhost:8000/" "Mozilla/5.0 (X11; Linux x86_64) AppleWebKit/537.36 (KHTML, like Gecko) Chrome/90.0.4430.72 Safari/537.36"
::1 - - [29/Apr/2021:16:15:28 +0000] "GET /js/chat_engine.js HTTP/1.1" 404 156 "http://localhost:8000/" "Mozilla/5.0 (X11; Linux x86_64) AppleWebKit/537.36 (KHTML, like Gecko) Chrome/90.0.4430.72 Safari/537.36"
::1 - - [29/Apr/2021:16:15:30 +0000] "GET / HTTP/1.1" 304 - "-" "Mozilla/5.0 (X11; Linux x86_64) AppleWebKit/537.36 (KHTML, like Gecko) Chrome/90.0.4430.72 Safari/537.36"
::1 - - [29/Apr/2021:16:15:30 +0000] "GET /css/layout-7baa573782.css HTTP/1.1" 404 164 "http://localhost:8000/" "Mozilla/5.0 (X11; Linux x86_64) AppleWebKit/537.36 (KHTML, like Gecko) Chrome/90.0.4430.72 Safari/537.36"
::1 - - [29/Apr/2021:16:15:30 +0000] "GET /css/header-1330a29a04.css HTTP/1.1" 404 164 "http://localhost:8000/" "Mozilla/5.0 (X11; Linux x86_64) AppleWebKit/537.36 (KHTML, like Gecko) Chrome/90.0.4430.72 Safari/537.36"
::1 - - [29/Apr/2021:16:15:30 +0000] "GET /css/footer-18d3719a47.css HTTP/1.1" 404 164 "http://localhost:8000/" "Mozilla/5.0 (X11; Linux x86_64) AppleWebKit/537.36 (KHTML, like Gecko) Chrome/90.0.4430.72 Safari/537.36"
::1 - - [29/Apr/2021:16:15:30 +0000] "GET /css/chatbox-2b33ec51ea.css HTTP/1.1" 404 165 "http://localhost:8000/" "Mozilla/5.0 (X11; Linux x86_64) AppleWebKit/537.36 (KHTML, like Gecko) Chrome/90.0.4430.72 Safari/537.36"
::1 - - [29/Apr/2021:16:15:30 +0000] "GET /css/home.css HTTP/1.1" 404 151 "http://localhost:8000/" "Mozilla/5.0 (X11; Linux x86_64) AppleWebKit/537.36 (KHTML, like Gecko) Chrome/90.0.4430.72 Safari/537.36"
::1 - - [29/Apr/2021:16:15:30 +0000] "GET /js/home_posts.js HTTP/1.1" 404 155 "http://localhost:8000/" "Mozilla/5.0 (X11; Linux x86_64) AppleWebKit/537.36 (KHTML, like Gecko) Chrome/90.0.4430.72 Safari/537.36"
::1 - - [29/Apr/2021:16:15:30 +0000] "GET /js/home_comments.js HTTP/1.1" 404 158 "http://localhost:8000/" "Mozilla/5.0 (X11; Linux x86_64) AppleWebKit/537.36 (KHTML, like Gecko) Chrome/90.0.4430.72 Safari/537.36"
::1 - - [29/Apr/2021:16:15:30 +0000] "GET /js/toggle_likes.js HTTP/1.1" 404 157 "http://localhost:8000/" "Mozilla/5.0 (X11; Linux x86_64) AppleWebKit/537.36 (KHTML, like Gecko) Chrome/90.0.4430.72 Safari/537.36"
::1 - - [29/Apr/2021:16:15:30 +0000] "GET /js/chat_engine.js HTTP/1.1" 404 156 "http://localhost:8000/" "Mozilla/5.0 (X11; Linux x86_64) AppleWebKit/537.36 (KHTML, like Gecko) Chrome/90.0.4430.72 Safari/537.36"
::1 - - [29/Apr/2021:16:19:49 +0000] "GET / HTTP/1.1" 200 2618 "-" "Mozilla/5.0 (X11; Linux x86_64) AppleWebKit/537.36 (KHTML, like Gecko) Chrome/90.0.4430.72 Safari/537.36"
::1 - - [29/Apr/2021:16:19:49 +0000] "GET /css/layout-7baa573782.css HTTP/1.1" 404 164 "http://localhost:8000/" "Mozilla/5.0 (X11; Linux x86_64) AppleWebKit/537.36 (KHTML, like Gecko) Chrome/90.0.4430.72 Safari/537.36"
::1 - - [29/Apr/2021:16:19:49 +0000] "GET /css/header-1330a29a04.css HTTP/1.1" 404 164 "http://localhost:8000/" "Mozilla/5.0 (X11; Linux x86_64) AppleWebKit/537.36 (KHTML, like Gecko) Chrome/90.0.4430.72 Safari/537.36"
::1 - - [29/Apr/2021:16:19:49 +0000] "GET /css/footer-18d3719a47.css HTTP/1.1" 404 164 "http://localhost:8000/" "Mozilla/5.0 (X11; Linux x86_64) AppleWebKit/537.36 (KHTML, like Gecko) Chrome/90.0.4430.72 Safari/537.36"
::1 - - [29/Apr/2021:16:19:49 +0000] "GET /css/chatbox-2b33ec51ea.css HTTP/1.1" 404 165 "http://localhost:8000/" "Mozilla/5.0 (X11; Linux x86_64) AppleWebKit/537.36 (KHTML, like Gecko) Chrome/90.0.4430.72 Safari/537.36"
::1 - - [29/Apr/2021:16:19:49 +0000] "GET /css/home-6ee64b0100.css HTTP/1.1" 404 162 "http://localhost:8000/" "Mozilla/5.0 (X11; Linux x86_64) AppleWebKit/537.36 (KHTML, like Gecko) Chrome/90.0.4430.72 Safari/537.36"
::1 - - [29/Apr/2021:16:19:49 +0000] "GET /js/home_posts-653447eaa3.js HTTP/1.1" 404 166 "http://localhost:8000/" "Mozilla/5.0 (X11; Linux x86_64) AppleWebKit/537.36 (KHTML, like Gecko) Chrome/90.0.4430.72 Safari/537.36"
::1 - - [29/Apr/2021:16:19:49 +0000] "GET /js/toggle_likes-d7c13ebd0e.js HTTP/1.1" 404 168 "http://localhost:8000/" "Mozilla/5.0 (X11; Linux x86_64) AppleWebKit/537.36 (KHTML, like Gecko) Chrome/90.0.4430.72 Safari/537.36"
::1 - - [29/Apr/2021:16:19:49 +0000] "GET /js/home_comments-543c45412e.js HTTP/1.1" 404 169 "http://localhost:8000/" "Mozilla/5.0 (X11; Linux x86_64) AppleWebKit/537.36 (KHTML, like Gecko) Chrome/90.0.4430.72 Safari/537.36"
::1 - - [29/Apr/2021:16:19:49 +0000] "GET /js/chat_engine-4380333f9a.js HTTP/1.1" 404 167 "http://localhost:8000/" "Mozilla/5.0 (X11; Linux x86_64) AppleWebKit/537.36 (KHTML, like Gecko) Chrome/90.0.4430.72 Safari/537.36"
::1 - - [29/Apr/2021:16:19:49 +0000] "GET /js/toggle_likes-d7c13ebd0e.js HTTP/1.1" 404 168 "http://localhost:8000/" "Mozilla/5.0 (X11; Linux x86_64) AppleWebKit/537.36 (KHTML, like Gecko) Chrome/90.0.4430.72 Safari/537.36"
::1 - - [29/Apr/2021:16:19:49 +0000] "GET /js/chat_engine-4380333f9a.js HTTP/1.1" 404 167 "http://localhost:8000/" "Mozilla/5.0 (X11; Linux x86_64) AppleWebKit/537.36 (KHTML, like Gecko) Chrome/90.0.4430.72 Safari/537.36"
::1 - - [29/Apr/2021:16:20:58 +0000] "GET / HTTP/1.1" 304 - "-" "Mozilla/5.0 (X11; Linux x86_64) AppleWebKit/537.36 (KHTML, like Gecko) Chrome/90.0.4430.72 Safari/537.36"
::1 - - [29/Apr/2021:16:20:58 +0000] "GET /css/layout-7baa573782.css HTTP/1.1" 404 164 "http://localhost:8000/" "Mozilla/5.0 (X11; Linux x86_64) AppleWebKit/537.36 (KHTML, like Gecko) Chrome/90.0.4430.72 Safari/537.36"
::1 - - [29/Apr/2021:16:20:58 +0000] "GET /js/home_comments-543c45412e.js HTTP/1.1" 404 169 "http://localhost:8000/" "Mozilla/5.0 (X11; Linux x86_64) AppleWebKit/537.36 (KHTML, like Gecko) Chrome/90.0.4430.72 Safari/537.36"
::1 - - [29/Apr/2021:16:20:58 +0000] "GET /css/chatbox-2b33ec51ea.css HTTP/1.1" 404 165 "http://localhost:8000/" "Mozilla/5.0 (X11; Linux x86_64) AppleWebKit/537.36 (KHTML, like Gecko) Chrome/90.0.4430.72 Safari/537.36"
::1 - - [29/Apr/2021:16:20:58 +0000] "GET /css/header-1330a29a04.css HTTP/1.1" 404 164 "http://localhost:8000/" "Mozilla/5.0 (X11; Linux x86_64) AppleWebKit/537.36 (KHTML, like Gecko) Chrome/90.0.4430.72 Safari/537.36"
::1 - - [29/Apr/2021:16:20:58 +0000] "GET /css/footer-18d3719a47.css HTTP/1.1" 404 164 "http://localhost:8000/" "Mozilla/5.0 (X11; Linux x86_64) AppleWebKit/537.36 (KHTML, like Gecko) Chrome/90.0.4430.72 Safari/537.36"
::1 - - [29/Apr/2021:16:20:58 +0000] "GET /css/home-6ee64b0100.css HTTP/1.1" 404 162 "http://localhost:8000/" "Mozilla/5.0 (X11; Linux x86_64) AppleWebKit/537.36 (KHTML, like Gecko) Chrome/90.0.4430.72 Safari/537.36"
::1 - - [29/Apr/2021:16:20:58 +0000] "GET /js/home_posts-653447eaa3.js HTTP/1.1" 404 166 "http://localhost:8000/" "Mozilla/5.0 (X11; Linux x86_64) AppleWebKit/537.36 (KHTML, like Gecko) Chrome/90.0.4430.72 Safari/537.36"
::1 - - [29/Apr/2021:16:20:58 +0000] "GET /js/toggle_likes-d7c13ebd0e.js HTTP/1.1" 404 168 "http://localhost:8000/" "Mozilla/5.0 (X11; Linux x86_64) AppleWebKit/537.36 (KHTML, like Gecko) Chrome/90.0.4430.72 Safari/537.36"
::1 - - [29/Apr/2021:16:20:58 +0000] "GET /js/chat_engine-4380333f9a.js HTTP/1.1" 404 167 "http://localhost:8000/" "Mozilla/5.0 (X11; Linux x86_64) AppleWebKit/537.36 (KHTML, like Gecko) Chrome/90.0.4430.72 Safari/537.36"
::1 - - [29/Apr/2021:16:20:58 +0000] "GET /js/home_comments-543c45412e.js HTTP/1.1" 404 169 "http://localhost:8000/" "Mozilla/5.0 (X11; Linux x86_64) AppleWebKit/537.36 (KHTML, like Gecko) Chrome/90.0.4430.72 Safari/537.36"
::1 - - [29/Apr/2021:16:20:58 +0000] "GET /js/toggle_likes-d7c13ebd0e.js HTTP/1.1" 404 168 "http://localhost:8000/" "Mozilla/5.0 (X11; Linux x86_64) AppleWebKit/537.36 (KHTML, like Gecko) Chrome/90.0.4430.72 Safari/537.36"
::1 - - [29/Apr/2021:16:20:58 +0000] "GET /js/chat_engine-4380333f9a.js HTTP/1.1" 404 167 "http://localhost:8000/" "Mozilla/5.0 (X11; Linux x86_64) AppleWebKit/537.36 (KHTML, like Gecko) Chrome/90.0.4430.72 Safari/537.36"
::1 - - [29/Apr/2021:16:22:21 +0000] "GET / HTTP/1.1" 304 - "-" "Mozilla/5.0 (X11; Linux x86_64) AppleWebKit/537.36 (KHTML, like Gecko) Chrome/90.0.4430.72 Safari/537.36"
::1 - - [29/Apr/2021:16:22:21 +0000] "GET /css/layout-7baa573782.css HTTP/1.1" 404 164 "http://localhost:8000/" "Mozilla/5.0 (X11; Linux x86_64) AppleWebKit/537.36 (KHTML, like Gecko) Chrome/90.0.4430.72 Safari/537.36"
::1 - - [29/Apr/2021:16:22:21 +0000] "GET /css/header-1330a29a04.css HTTP/1.1" 404 164 "http://localhost:8000/" "Mozilla/5.0 (X11; Linux x86_64) AppleWebKit/537.36 (KHTML, like Gecko) Chrome/90.0.4430.72 Safari/537.36"
::1 - - [29/Apr/2021:16:22:21 +0000] "GET /css/footer-18d3719a47.css HTTP/1.1" 404 164 "http://localhost:8000/" "Mozilla/5.0 (X11; Linux x86_64) AppleWebKit/537.36 (KHTML, like Gecko) Chrome/90.0.4430.72 Safari/537.36"
::1 - - [29/Apr/2021:16:22:21 +0000] "GET /css/chatbox-2b33ec51ea.css HTTP/1.1" 404 165 "http://localhost:8000/" "Mozilla/5.0 (X11; Linux x86_64) AppleWebKit/537.36 (KHTML, like Gecko) Chrome/90.0.4430.72 Safari/537.36"
::1 - - [29/Apr/2021:16:22:21 +0000] "GET /css/home-6ee64b0100.css HTTP/1.1" 404 162 "http://localhost:8000/" "Mozilla/5.0 (X11; Linux x86_64) AppleWebKit/537.36 (KHTML, like Gecko) Chrome/90.0.4430.72 Safari/537.36"
::1 - - [29/Apr/2021:16:22:21 +0000] "GET /js/home_posts-653447eaa3.js HTTP/1.1" 404 166 "http://localhost:8000/" "Mozilla/5.0 (X11; Linux x86_64) AppleWebKit/537.36 (KHTML, like Gecko) Chrome/90.0.4430.72 Safari/537.36"
::1 - - [29/Apr/2021:16:22:21 +0000] "GET /js/home_comments-543c45412e.js HTTP/1.1" 404 169 "http://localhost:8000/" "Mozilla/5.0 (X11; Linux x86_64) AppleWebKit/537.36 (KHTML, like Gecko) Chrome/90.0.4430.72 Safari/537.36"
::1 - - [29/Apr/2021:16:22:21 +0000] "GET /js/toggle_likes-d7c13ebd0e.js HTTP/1.1" 404 168 "http://localhost:8000/" "Mozilla/5.0 (X11; Linux x86_64) AppleWebKit/537.36 (KHTML, like Gecko) Chrome/90.0.4430.72 Safari/537.36"
::1 - - [29/Apr/2021:16:22:21 +0000] "GET /js/chat_engine-4380333f9a.js HTTP/1.1" 404 167 "http://localhost:8000/" "Mozilla/5.0 (X11; Linux x86_64) AppleWebKit/537.36 (KHTML, like Gecko) Chrome/90.0.4430.72 Safari/537.36"
::1 - - [29/Apr/2021:16:22:57 +0000] "GET / HTTP/1.1" 200 2609 "-" "Mozilla/5.0 (X11; Linux x86_64) AppleWebKit/537.36 (KHTML, like Gecko) Chrome/90.0.4430.72 Safari/537.36"
::1 - - [29/Apr/2021:16:22:57 +0000] "GET /css/layout-7baa573782.css HTTP/1.1" 404 164 "http://localhost:8000/" "Mozilla/5.0 (X11; Linux x86_64) AppleWebKit/537.36 (KHTML, like Gecko) Chrome/90.0.4430.72 Safari/537.36"
::1 - - [29/Apr/2021:16:22:57 +0000] "GET /css/header-1330a29a04.css HTTP/1.1" 404 164 "http://localhost:8000/" "Mozilla/5.0 (X11; Linux x86_64) AppleWebKit/537.36 (KHTML, like Gecko) Chrome/90.0.4430.72 Safari/537.36"
::1 - - [29/Apr/2021:16:22:57 +0000] "GET /css/footer-18d3719a47.css HTTP/1.1" 404 164 "http://localhost:8000/" "Mozilla/5.0 (X11; Linux x86_64) AppleWebKit/537.36 (KHTML, like Gecko) Chrome/90.0.4430.72 Safari/537.36"
::1 - - [29/Apr/2021:16:22:57 +0000] "GET /css/home-6ee64b0100.css HTTP/1.1" 404 162 "http://localhost:8000/" "Mozilla/5.0 (X11; Linux x86_64) AppleWebKit/537.36 (KHTML, like Gecko) Chrome/90.0.4430.72 Safari/537.36"
::1 - - [29/Apr/2021:16:22:57 +0000] "GET /css/chatbox-2b33ec51ea.css HTTP/1.1" 404 165 "http://localhost:8000/" "Mozilla/5.0 (X11; Linux x86_64) AppleWebKit/537.36 (KHTML, like Gecko) Chrome/90.0.4430.72 Safari/537.36"
::1 - - [29/Apr/2021:16:22:57 +0000] "GET /js/home_comments-543c45412e.js HTTP/1.1" 404 169 "http://localhost:8000/" "Mozilla/5.0 (X11; Linux x86_64) AppleWebKit/537.36 (KHTML, like Gecko) Chrome/90.0.4430.72 Safari/537.36"
::1 - - [29/Apr/2021:16:22:57 +0000] "GET /js/home_posts-653447eaa3.js HTTP/1.1" 404 166 "http://localhost:8000/" "Mozilla/5.0 (X11; Linux x86_64) AppleWebKit/537.36 (KHTML, like Gecko) Chrome/90.0.4430.72 Safari/537.36"
::1 - - [29/Apr/2021:16:22:57 +0000] "GET /js/toggle_likes-d7c13ebd0e.js HTTP/1.1" 404 168 "http://localhost:8000/" "Mozilla/5.0 (X11; Linux x86_64) AppleWebKit/537.36 (KHTML, like Gecko) Chrome/90.0.4430.72 Safari/537.36"
::1 - - [29/Apr/2021:16:22:57 +0000] "GET /js/chat_engine-4380333f9a.js HTTP/1.1" 404 167 "http://localhost:8000/" "Mozilla/5.0 (X11; Linux x86_64) AppleWebKit/537.36 (KHTML, like Gecko) Chrome/90.0.4430.72 Safari/537.36"
::1 - - [29/Apr/2021:16:22:57 +0000] "GET /js/home_comments-543c45412e.js HTTP/1.1" 404 169 "http://localhost:8000/" "Mozilla/5.0 (X11; Linux x86_64) AppleWebKit/537.36 (KHTML, like Gecko) Chrome/90.0.4430.72 Safari/537.36"
::1 - - [29/Apr/2021:16:22:57 +0000] "GET /js/toggle_likes-d7c13ebd0e.js HTTP/1.1" 404 168 "http://localhost:8000/" "Mozilla/5.0 (X11; Linux x86_64) AppleWebKit/537.36 (KHTML, like Gecko) Chrome/90.0.4430.72 Safari/537.36"
::1 - - [29/Apr/2021:16:22:57 +0000] "GET /js/chat_engine-4380333f9a.js HTTP/1.1" 404 167 "http://localhost:8000/" "Mozilla/5.0 (X11; Linux x86_64) AppleWebKit/537.36 (KHTML, like Gecko) Chrome/90.0.4430.72 Safari/537.36"
::1 - - [29/Apr/2021:16:23:01 +0000] "GET / HTTP/1.1" 304 - "-" "Mozilla/5.0 (X11; Linux x86_64) AppleWebKit/537.36 (KHTML, like Gecko) Chrome/90.0.4430.72 Safari/537.36"
::1 - - [29/Apr/2021:16:23:01 +0000] "GET /css/layout-7baa573782.css HTTP/1.1" 404 164 "http://localhost:8000/" "Mozilla/5.0 (X11; Linux x86_64) AppleWebKit/537.36 (KHTML, like Gecko) Chrome/90.0.4430.72 Safari/537.36"
::1 - - [29/Apr/2021:16:23:02 +0000] "GET /css/header-1330a29a04.css HTTP/1.1" 404 164 "http://localhost:8000/" "Mozilla/5.0 (X11; Linux x86_64) AppleWebKit/537.36 (KHTML, like Gecko) Chrome/90.0.4430.72 Safari/537.36"
::1 - - [29/Apr/2021:16:23:02 +0000] "GET /css/footer-18d3719a47.css HTTP/1.1" 404 164 "http://localhost:8000/" "Mozilla/5.0 (X11; Linux x86_64) AppleWebKit/537.36 (KHTML, like Gecko) Chrome/90.0.4430.72 Safari/537.36"
::1 - - [29/Apr/2021:16:23:02 +0000] "GET /css/chatbox-2b33ec51ea.css HTTP/1.1" 404 165 "http://localhost:8000/" "Mozilla/5.0 (X11; Linux x86_64) AppleWebKit/537.36 (KHTML, like Gecko) Chrome/90.0.4430.72 Safari/537.36"
::1 - - [29/Apr/2021:16:23:02 +0000] "GET /css/home-6ee64b0100.css HTTP/1.1" 404 162 "http://localhost:8000/" "Mozilla/5.0 (X11; Linux x86_64) AppleWebKit/537.36 (KHTML, like Gecko) Chrome/90.0.4430.72 Safari/537.36"
::1 - - [29/Apr/2021:16:23:02 +0000] "GET /js/home_posts-653447eaa3.js HTTP/1.1" 404 166 "http://localhost:8000/" "Mozilla/5.0 (X11; Linux x86_64) AppleWebKit/537.36 (KHTML, like Gecko) Chrome/90.0.4430.72 Safari/537.36"
::1 - - [29/Apr/2021:16:23:02 +0000] "GET /js/home_comments-543c45412e.js HTTP/1.1" 404 169 "http://localhost:8000/" "Mozilla/5.0 (X11; Linux x86_64) AppleWebKit/537.36 (KHTML, like Gecko) Chrome/90.0.4430.72 Safari/537.36"
::1 - - [29/Apr/2021:16:23:02 +0000] "GET /js/toggle_likes-d7c13ebd0e.js HTTP/1.1" 404 168 "http://localhost:8000/" "Mozilla/5.0 (X11; Linux x86_64) AppleWebKit/537.36 (KHTML, like Gecko) Chrome/90.0.4430.72 Safari/537.36"
::1 - - [29/Apr/2021:16:23:02 +0000] "GET /js/chat_engine-4380333f9a.js HTTP/1.1" 404 167 "http://localhost:8000/" "Mozilla/5.0 (X11; Linux x86_64) AppleWebKit/537.36 (KHTML, like Gecko) Chrome/90.0.4430.72 Safari/537.36"
::1 - - [29/Apr/2021:16:23:04 +0000] "GET / HTTP/1.1" 304 - "-" "Mozilla/5.0 (X11; Linux x86_64) AppleWebKit/537.36 (KHTML, like Gecko) Chrome/90.0.4430.72 Safari/537.36"
::1 - - [29/Apr/2021:16:23:04 +0000] "GET /css/layout-7baa573782.css HTTP/1.1" 404 164 "http://localhost:8000/" "Mozilla/5.0 (X11; Linux x86_64) AppleWebKit/537.36 (KHTML, like Gecko) Chrome/90.0.4430.72 Safari/537.36"
::1 - - [29/Apr/2021:16:23:04 +0000] "GET /css/header-1330a29a04.css HTTP/1.1" 404 164 "http://localhost:8000/" "Mozilla/5.0 (X11; Linux x86_64) AppleWebKit/537.36 (KHTML, like Gecko) Chrome/90.0.4430.72 Safari/537.36"
::1 - - [29/Apr/2021:16:23:04 +0000] "GET /css/footer-18d3719a47.css HTTP/1.1" 404 164 "http://localhost:8000/" "Mozilla/5.0 (X11; Linux x86_64) AppleWebKit/537.36 (KHTML, like Gecko) Chrome/90.0.4430.72 Safari/537.36"
::1 - - [29/Apr/2021:16:23:04 +0000] "GET /css/chatbox-2b33ec51ea.css HTTP/1.1" 404 165 "http://localhost:8000/" "Mozilla/5.0 (X11; Linux x86_64) AppleWebKit/537.36 (KHTML, like Gecko) Chrome/90.0.4430.72 Safari/537.36"
::1 - - [29/Apr/2021:16:23:04 +0000] "GET /css/home-6ee64b0100.css HTTP/1.1" 404 162 "http://localhost:8000/" "Mozilla/5.0 (X11; Linux x86_64) AppleWebKit/537.36 (KHTML, like Gecko) Chrome/90.0.4430.72 Safari/537.36"
::1 - - [29/Apr/2021:16:23:04 +0000] "GET /js/home_posts-653447eaa3.js HTTP/1.1" 404 166 "http://localhost:8000/" "Mozilla/5.0 (X11; Linux x86_64) AppleWebKit/537.36 (KHTML, like Gecko) Chrome/90.0.4430.72 Safari/537.36"
::1 - - [29/Apr/2021:16:23:04 +0000] "GET /js/home_comments-543c45412e.js HTTP/1.1" 404 169 "http://localhost:8000/" "Mozilla/5.0 (X11; Linux x86_64) AppleWebKit/537.36 (KHTML, like Gecko) Chrome/90.0.4430.72 Safari/537.36"
::1 - - [29/Apr/2021:16:23:04 +0000] "GET /js/toggle_likes-d7c13ebd0e.js HTTP/1.1" 404 168 "http://localhost:8000/" "Mozilla/5.0 (X11; Linux x86_64) AppleWebKit/537.36 (KHTML, like Gecko) Chrome/90.0.4430.72 Safari/537.36"
::1 - - [29/Apr/2021:16:23:04 +0000] "GET /js/chat_engine-4380333f9a.js HTTP/1.1" 404 167 "http://localhost:8000/" "Mozilla/5.0 (X11; Linux x86_64) AppleWebKit/537.36 (KHTML, like Gecko) Chrome/90.0.4430.72 Safari/537.36"
::1 - - [29/Apr/2021:16:23:05 +0000] "GET / HTTP/1.1" 304 - "-" "Mozilla/5.0 (X11; Linux x86_64) AppleWebKit/537.36 (KHTML, like Gecko) Chrome/90.0.4430.72 Safari/537.36"
::1 - - [29/Apr/2021:16:23:05 +0000] "GET /css/layout-7baa573782.css HTTP/1.1" 404 164 "http://localhost:8000/" "Mozilla/5.0 (X11; Linux x86_64) AppleWebKit/537.36 (KHTML, like Gecko) Chrome/90.0.4430.72 Safari/537.36"
::1 - - [29/Apr/2021:16:23:05 +0000] "GET /css/header-1330a29a04.css HTTP/1.1" 404 164 "http://localhost:8000/" "Mozilla/5.0 (X11; Linux x86_64) AppleWebKit/537.36 (KHTML, like Gecko) Chrome/90.0.4430.72 Safari/537.36"
::1 - - [29/Apr/2021:16:23:05 +0000] "GET /css/footer-18d3719a47.css HTTP/1.1" 404 164 "http://localhost:8000/" "Mozilla/5.0 (X11; Linux x86_64) AppleWebKit/537.36 (KHTML, like Gecko) Chrome/90.0.4430.72 Safari/537.36"
::1 - - [29/Apr/2021:16:23:05 +0000] "GET /css/chatbox-2b33ec51ea.css HTTP/1.1" 404 165 "http://localhost:8000/" "Mozilla/5.0 (X11; Linux x86_64) AppleWebKit/537.36 (KHTML, like Gecko) Chrome/90.0.4430.72 Safari/537.36"
::1 - - [29/Apr/2021:16:23:05 +0000] "GET /css/home-6ee64b0100.css HTTP/1.1" 404 162 "http://localhost:8000/" "Mozilla/5.0 (X11; Linux x86_64) AppleWebKit/537.36 (KHTML, like Gecko) Chrome/90.0.4430.72 Safari/537.36"
::1 - - [29/Apr/2021:16:23:05 +0000] "GET /js/home_posts-653447eaa3.js HTTP/1.1" 404 166 "http://localhost:8000/" "Mozilla/5.0 (X11; Linux x86_64) AppleWebKit/537.36 (KHTML, like Gecko) Chrome/90.0.4430.72 Safari/537.36"
::1 - - [29/Apr/2021:16:23:05 +0000] "GET /js/home_comments-543c45412e.js HTTP/1.1" 404 169 "http://localhost:8000/" "Mozilla/5.0 (X11; Linux x86_64) AppleWebKit/537.36 (KHTML, like Gecko) Chrome/90.0.4430.72 Safari/537.36"
::1 - - [29/Apr/2021:16:23:05 +0000] "GET /js/toggle_likes-d7c13ebd0e.js HTTP/1.1" 404 168 "http://localhost:8000/" "Mozilla/5.0 (X11; Linux x86_64) AppleWebKit/537.36 (KHTML, like Gecko) Chrome/90.0.4430.72 Safari/537.36"
::1 - - [29/Apr/2021:16:23:05 +0000] "GET /js/chat_engine-4380333f9a.js HTTP/1.1" 404 167 "http://localhost:8000/" "Mozilla/5.0 (X11; Linux x86_64) AppleWebKit/537.36 (KHTML, like Gecko) Chrome/90.0.4430.72 Safari/537.36"
::1 - - [29/Apr/2021:16:23:06 +0000] "GET / HTTP/1.1" 304 - "-" "Mozilla/5.0 (X11; Linux x86_64) AppleWebKit/537.36 (KHTML, like Gecko) Chrome/90.0.4430.72 Safari/537.36"
::1 - - [29/Apr/2021:16:23:06 +0000] "GET /css/layout-7baa573782.css HTTP/1.1" 404 164 "http://localhost:8000/" "Mozilla/5.0 (X11; Linux x86_64) AppleWebKit/537.36 (KHTML, like Gecko) Chrome/90.0.4430.72 Safari/537.36"
::1 - - [29/Apr/2021:16:23:06 +0000] "GET /css/header-1330a29a04.css HTTP/1.1" 404 164 "http://localhost:8000/" "Mozilla/5.0 (X11; Linux x86_64) AppleWebKit/537.36 (KHTML, like Gecko) Chrome/90.0.4430.72 Safari/537.36"
::1 - - [29/Apr/2021:16:23:06 +0000] "GET /css/footer-18d3719a47.css HTTP/1.1" 404 164 "http://localhost:8000/" "Mozilla/5.0 (X11; Linux x86_64) AppleWebKit/537.36 (KHTML, like Gecko) Chrome/90.0.4430.72 Safari/537.36"
::1 - - [29/Apr/2021:16:23:06 +0000] "GET /css/chatbox-2b33ec51ea.css HTTP/1.1" 404 165 "http://localhost:8000/" "Mozilla/5.0 (X11; Linux x86_64) AppleWebKit/537.36 (KHTML, like Gecko) Chrome/90.0.4430.72 Safari/537.36"
::1 - - [29/Apr/2021:16:23:06 +0000] "GET /css/home-6ee64b0100.css HTTP/1.1" 404 162 "http://localhost:8000/" "Mozilla/5.0 (X11; Linux x86_64) AppleWebKit/537.36 (KHTML, like Gecko) Chrome/90.0.4430.72 Safari/537.36"
::1 - - [29/Apr/2021:16:23:06 +0000] "GET /js/home_posts-653447eaa3.js HTTP/1.1" 404 166 "http://localhost:8000/" "Mozilla/5.0 (X11; Linux x86_64) AppleWebKit/537.36 (KHTML, like Gecko) Chrome/90.0.4430.72 Safari/537.36"
::1 - - [29/Apr/2021:16:23:06 +0000] "GET /js/home_comments-543c45412e.js HTTP/1.1" 404 169 "http://localhost:8000/" "Mozilla/5.0 (X11; Linux x86_64) AppleWebKit/537.36 (KHTML, like Gecko) Chrome/90.0.4430.72 Safari/537.36"
::1 - - [29/Apr/2021:16:23:06 +0000] "GET /js/toggle_likes-d7c13ebd0e.js HTTP/1.1" 404 168 "http://localhost:8000/" "Mozilla/5.0 (X11; Linux x86_64) AppleWebKit/537.36 (KHTML, like Gecko) Chrome/90.0.4430.72 Safari/537.36"
::1 - - [29/Apr/2021:16:23:06 +0000] "GET /js/chat_engine-4380333f9a.js HTTP/1.1" 404 167 "http://localhost:8000/" "Mozilla/5.0 (X11; Linux x86_64) AppleWebKit/537.36 (KHTML, like Gecko) Chrome/90.0.4430.72 Safari/537.36"
::1 - - [29/Apr/2021:16:23:07 +0000] "GET / HTTP/1.1" 304 - "-" "Mozilla/5.0 (X11; Linux x86_64) AppleWebKit/537.36 (KHTML, like Gecko) Chrome/90.0.4430.72 Safari/537.36"
::1 - - [29/Apr/2021:16:23:07 +0000] "GET /css/layout-7baa573782.css HTTP/1.1" 404 164 "http://localhost:8000/" "Mozilla/5.0 (X11; Linux x86_64) AppleWebKit/537.36 (KHTML, like Gecko) Chrome/90.0.4430.72 Safari/537.36"
::1 - - [29/Apr/2021:16:23:07 +0000] "GET /css/header-1330a29a04.css HTTP/1.1" 404 164 "http://localhost:8000/" "Mozilla/5.0 (X11; Linux x86_64) AppleWebKit/537.36 (KHTML, like Gecko) Chrome/90.0.4430.72 Safari/537.36"
::1 - - [29/Apr/2021:16:23:07 +0000] "GET /css/footer-18d3719a47.css HTTP/1.1" 404 164 "http://localhost:8000/" "Mozilla/5.0 (X11; Linux x86_64) AppleWebKit/537.36 (KHTML, like Gecko) Chrome/90.0.4430.72 Safari/537.36"
::1 - - [29/Apr/2021:16:23:07 +0000] "GET /css/chatbox-2b33ec51ea.css HTTP/1.1" 404 165 "http://localhost:8000/" "Mozilla/5.0 (X11; Linux x86_64) AppleWebKit/537.36 (KHTML, like Gecko) Chrome/90.0.4430.72 Safari/537.36"
::1 - - [29/Apr/2021:16:23:07 +0000] "GET /css/home-6ee64b0100.css HTTP/1.1" 404 162 "http://localhost:8000/" "Mozilla/5.0 (X11; Linux x86_64) AppleWebKit/537.36 (KHTML, like Gecko) Chrome/90.0.4430.72 Safari/537.36"
::1 - - [29/Apr/2021:16:23:07 +0000] "GET /js/home_posts-653447eaa3.js HTTP/1.1" 404 166 "http://localhost:8000/" "Mozilla/5.0 (X11; Linux x86_64) AppleWebKit/537.36 (KHTML, like Gecko) Chrome/90.0.4430.72 Safari/537.36"
::1 - - [29/Apr/2021:16:23:07 +0000] "GET /js/home_comments-543c45412e.js HTTP/1.1" 404 169 "http://localhost:8000/" "Mozilla/5.0 (X11; Linux x86_64) AppleWebKit/537.36 (KHTML, like Gecko) Chrome/90.0.4430.72 Safari/537.36"
::1 - - [29/Apr/2021:16:23:07 +0000] "GET /js/toggle_likes-d7c13ebd0e.js HTTP/1.1" 404 168 "http://localhost:8000/" "Mozilla/5.0 (X11; Linux x86_64) AppleWebKit/537.36 (KHTML, like Gecko) Chrome/90.0.4430.72 Safari/537.36"
::1 - - [29/Apr/2021:16:23:07 +0000] "GET /js/chat_engine-4380333f9a.js HTTP/1.1" 404 167 "http://localhost:8000/" "Mozilla/5.0 (X11; Linux x86_64) AppleWebKit/537.36 (KHTML, like Gecko) Chrome/90.0.4430.72 Safari/537.36"
::1 - - [29/Apr/2021:16:23:43 +0000] "GET / HTTP/1.1" 200 2618 "-" "Mozilla/5.0 (X11; Linux x86_64) AppleWebKit/537.36 (KHTML, like Gecko) Chrome/90.0.4430.72 Safari/537.36"
::1 - - [29/Apr/2021:16:23:43 +0000] "GET /css/layout-7baa573782.css HTTP/1.1" 404 164 "http://localhost:8000/" "Mozilla/5.0 (X11; Linux x86_64) AppleWebKit/537.36 (KHTML, like Gecko) Chrome/90.0.4430.72 Safari/537.36"
::1 - - [29/Apr/2021:16:23:43 +0000] "GET /css/header-1330a29a04.css HTTP/1.1" 404 164 "http://localhost:8000/" "Mozilla/5.0 (X11; Linux x86_64) AppleWebKit/537.36 (KHTML, like Gecko) Chrome/90.0.4430.72 Safari/537.36"
::1 - - [29/Apr/2021:16:23:43 +0000] "GET /css/footer-18d3719a47.css HTTP/1.1" 404 164 "http://localhost:8000/" "Mozilla/5.0 (X11; Linux x86_64) AppleWebKit/537.36 (KHTML, like Gecko) Chrome/90.0.4430.72 Safari/537.36"
::1 - - [29/Apr/2021:16:23:43 +0000] "GET /css/chatbox-2b33ec51ea.css HTTP/1.1" 404 165 "http://localhost:8000/" "Mozilla/5.0 (X11; Linux x86_64) AppleWebKit/537.36 (KHTML, like Gecko) Chrome/90.0.4430.72 Safari/537.36"
::1 - - [29/Apr/2021:16:23:43 +0000] "GET /css/home-6ee64b0100.css HTTP/1.1" 404 162 "http://localhost:8000/" "Mozilla/5.0 (X11; Linux x86_64) AppleWebKit/537.36 (KHTML, like Gecko) Chrome/90.0.4430.72 Safari/537.36"
::1 - - [29/Apr/2021:16:23:43 +0000] "GET /js/home_posts-653447eaa3.js HTTP/1.1" 404 166 "http://localhost:8000/" "Mozilla/5.0 (X11; Linux x86_64) AppleWebKit/537.36 (KHTML, like Gecko) Chrome/90.0.4430.72 Safari/537.36"
::1 - - [29/Apr/2021:16:23:43 +0000] "GET /js/home_comments-543c45412e.js HTTP/1.1" 404 169 "http://localhost:8000/" "Mozilla/5.0 (X11; Linux x86_64) AppleWebKit/537.36 (KHTML, like Gecko) Chrome/90.0.4430.72 Safari/537.36"
::1 - - [29/Apr/2021:16:23:43 +0000] "GET /js/toggle_likes-d7c13ebd0e.js HTTP/1.1" 404 168 "http://localhost:8000/" "Mozilla/5.0 (X11; Linux x86_64) AppleWebKit/537.36 (KHTML, like Gecko) Chrome/90.0.4430.72 Safari/537.36"
::1 - - [29/Apr/2021:16:23:44 +0000] "GET /js/chat_engine-4380333f9a.js HTTP/1.1" 404 167 "http://localhost:8000/" "Mozilla/5.0 (X11; Linux x86_64) AppleWebKit/537.36 (KHTML, like Gecko) Chrome/90.0.4430.72 Safari/537.36"
::1 - - [29/Apr/2021:16:23:45 +0000] "GET / HTTP/1.1" 304 - "-" "Mozilla/5.0 (X11; Linux x86_64) AppleWebKit/537.36 (KHTML, like Gecko) Chrome/90.0.4430.72 Safari/537.36"
::1 - - [29/Apr/2021:16:23:46 +0000] "GET /css/layout-7baa573782.css HTTP/1.1" 404 164 "http://localhost:8000/" "Mozilla/5.0 (X11; Linux x86_64) AppleWebKit/537.36 (KHTML, like Gecko) Chrome/90.0.4430.72 Safari/537.36"
::1 - - [29/Apr/2021:16:23:46 +0000] "GET /css/header-1330a29a04.css HTTP/1.1" 404 164 "http://localhost:8000/" "Mozilla/5.0 (X11; Linux x86_64) AppleWebKit/537.36 (KHTML, like Gecko) Chrome/90.0.4430.72 Safari/537.36"
::1 - - [29/Apr/2021:16:23:46 +0000] "GET /css/footer-18d3719a47.css HTTP/1.1" 404 164 "http://localhost:8000/" "Mozilla/5.0 (X11; Linux x86_64) AppleWebKit/537.36 (KHTML, like Gecko) Chrome/90.0.4430.72 Safari/537.36"
::1 - - [29/Apr/2021:16:23:46 +0000] "GET /css/chatbox-2b33ec51ea.css HTTP/1.1" 404 165 "http://localhost:8000/" "Mozilla/5.0 (X11; Linux x86_64) AppleWebKit/537.36 (KHTML, like Gecko) Chrome/90.0.4430.72 Safari/537.36"
::1 - - [29/Apr/2021:16:23:46 +0000] "GET /css/home-6ee64b0100.css HTTP/1.1" 404 162 "http://localhost:8000/" "Mozilla/5.0 (X11; Linux x86_64) AppleWebKit/537.36 (KHTML, like Gecko) Chrome/90.0.4430.72 Safari/537.36"
::1 - - [29/Apr/2021:16:23:46 +0000] "GET /js/home_posts-653447eaa3.js HTTP/1.1" 404 166 "http://localhost:8000/" "Mozilla/5.0 (X11; Linux x86_64) AppleWebKit/537.36 (KHTML, like Gecko) Chrome/90.0.4430.72 Safari/537.36"
::1 - - [29/Apr/2021:16:23:46 +0000] "GET /js/home_comments-543c45412e.js HTTP/1.1" 404 169 "http://localhost:8000/" "Mozilla/5.0 (X11; Linux x86_64) AppleWebKit/537.36 (KHTML, like Gecko) Chrome/90.0.4430.72 Safari/537.36"
::1 - - [29/Apr/2021:16:23:46 +0000] "GET /js/toggle_likes-d7c13ebd0e.js HTTP/1.1" 404 168 "http://localhost:8000/" "Mozilla/5.0 (X11; Linux x86_64) AppleWebKit/537.36 (KHTML, like Gecko) Chrome/90.0.4430.72 Safari/537.36"
::1 - - [29/Apr/2021:16:23:46 +0000] "GET /js/chat_engine-4380333f9a.js HTTP/1.1" 404 167 "http://localhost:8000/" "Mozilla/5.0 (X11; Linux x86_64) AppleWebKit/537.36 (KHTML, like Gecko) Chrome/90.0.4430.72 Safari/537.36"
::1 - - [29/Apr/2021:16:23:46 +0000] "GET / HTTP/1.1" 304 - "-" "Mozilla/5.0 (X11; Linux x86_64) AppleWebKit/537.36 (KHTML, like Gecko) Chrome/90.0.4430.72 Safari/537.36"
::1 - - [29/Apr/2021:16:23:47 +0000] "GET /css/layout-7baa573782.css HTTP/1.1" 404 164 "http://localhost:8000/" "Mozilla/5.0 (X11; Linux x86_64) AppleWebKit/537.36 (KHTML, like Gecko) Chrome/90.0.4430.72 Safari/537.36"
::1 - - [29/Apr/2021:16:23:47 +0000] "GET /css/header-1330a29a04.css HTTP/1.1" 404 164 "http://localhost:8000/" "Mozilla/5.0 (X11; Linux x86_64) AppleWebKit/537.36 (KHTML, like Gecko) Chrome/90.0.4430.72 Safari/537.36"
::1 - - [29/Apr/2021:16:23:47 +0000] "GET /css/footer-18d3719a47.css HTTP/1.1" 404 164 "http://localhost:8000/" "Mozilla/5.0 (X11; Linux x86_64) AppleWebKit/537.36 (KHTML, like Gecko) Chrome/90.0.4430.72 Safari/537.36"
::1 - - [29/Apr/2021:16:23:47 +0000] "GET /css/chatbox-2b33ec51ea.css HTTP/1.1" 404 165 "http://localhost:8000/" "Mozilla/5.0 (X11; Linux x86_64) AppleWebKit/537.36 (KHTML, like Gecko) Chrome/90.0.4430.72 Safari/537.36"
::1 - - [29/Apr/2021:16:23:47 +0000] "GET /css/home-6ee64b0100.css HTTP/1.1" 404 162 "http://localhost:8000/" "Mozilla/5.0 (X11; Linux x86_64) AppleWebKit/537.36 (KHTML, like Gecko) Chrome/90.0.4430.72 Safari/537.36"
::1 - - [29/Apr/2021:16:23:47 +0000] "GET /js/home_posts-653447eaa3.js HTTP/1.1" 404 166 "http://localhost:8000/" "Mozilla/5.0 (X11; Linux x86_64) AppleWebKit/537.36 (KHTML, like Gecko) Chrome/90.0.4430.72 Safari/537.36"
::1 - - [29/Apr/2021:16:23:47 +0000] "GET /js/home_comments-543c45412e.js HTTP/1.1" 404 169 "http://localhost:8000/" "Mozilla/5.0 (X11; Linux x86_64) AppleWebKit/537.36 (KHTML, like Gecko) Chrome/90.0.4430.72 Safari/537.36"
::1 - - [29/Apr/2021:16:23:47 +0000] "GET /js/toggle_likes-d7c13ebd0e.js HTTP/1.1" 404 168 "http://localhost:8000/" "Mozilla/5.0 (X11; Linux x86_64) AppleWebKit/537.36 (KHTML, like Gecko) Chrome/90.0.4430.72 Safari/537.36"
::1 - - [29/Apr/2021:16:23:47 +0000] "GET /js/chat_engine-4380333f9a.js HTTP/1.1" 404 167 "http://localhost:8000/" "Mozilla/5.0 (X11; Linux x86_64) AppleWebKit/537.36 (KHTML, like Gecko) Chrome/90.0.4430.72 Safari/537.36"
::1 - - [29/Apr/2021:16:23:47 +0000] "GET / HTTP/1.1" 304 - "-" "Mozilla/5.0 (X11; Linux x86_64) AppleWebKit/537.36 (KHTML, like Gecko) Chrome/90.0.4430.72 Safari/537.36"
::1 - - [29/Apr/2021:16:23:47 +0000] "GET /css/layout-7baa573782.css HTTP/1.1" 404 164 "http://localhost:8000/" "Mozilla/5.0 (X11; Linux x86_64) AppleWebKit/537.36 (KHTML, like Gecko) Chrome/90.0.4430.72 Safari/537.36"
::1 - - [29/Apr/2021:16:23:47 +0000] "GET /css/header-1330a29a04.css HTTP/1.1" 404 164 "http://localhost:8000/" "Mozilla/5.0 (X11; Linux x86_64) AppleWebKit/537.36 (KHTML, like Gecko) Chrome/90.0.4430.72 Safari/537.36"
::1 - - [29/Apr/2021:16:23:47 +0000] "GET /css/footer-18d3719a47.css HTTP/1.1" 404 164 "http://localhost:8000/" "Mozilla/5.0 (X11; Linux x86_64) AppleWebKit/537.36 (KHTML, like Gecko) Chrome/90.0.4430.72 Safari/537.36"
::1 - - [29/Apr/2021:16:23:47 +0000] "GET /css/chatbox-2b33ec51ea.css HTTP/1.1" 404 165 "http://localhost:8000/" "Mozilla/5.0 (X11; Linux x86_64) AppleWebKit/537.36 (KHTML, like Gecko) Chrome/90.0.4430.72 Safari/537.36"
::1 - - [29/Apr/2021:16:23:47 +0000] "GET /css/home-6ee64b0100.css HTTP/1.1" 404 162 "http://localhost:8000/" "Mozilla/5.0 (X11; Linux x86_64) AppleWebKit/537.36 (KHTML, like Gecko) Chrome/90.0.4430.72 Safari/537.36"
::1 - - [29/Apr/2021:16:23:47 +0000] "GET /js/home_posts-653447eaa3.js HTTP/1.1" 404 166 "http://localhost:8000/" "Mozilla/5.0 (X11; Linux x86_64) AppleWebKit/537.36 (KHTML, like Gecko) Chrome/90.0.4430.72 Safari/537.36"
::1 - - [29/Apr/2021:16:23:47 +0000] "GET /js/home_comments-543c45412e.js HTTP/1.1" 404 169 "http://localhost:8000/" "Mozilla/5.0 (X11; Linux x86_64) AppleWebKit/537.36 (KHTML, like Gecko) Chrome/90.0.4430.72 Safari/537.36"
::1 - - [29/Apr/2021:16:23:47 +0000] "GET /js/toggle_likes-d7c13ebd0e.js HTTP/1.1" 404 168 "http://localhost:8000/" "Mozilla/5.0 (X11; Linux x86_64) AppleWebKit/537.36 (KHTML, like Gecko) Chrome/90.0.4430.72 Safari/537.36"
::1 - - [29/Apr/2021:16:23:47 +0000] "GET /js/chat_engine-4380333f9a.js HTTP/1.1" 404 167 "http://localhost:8000/" "Mozilla/5.0 (X11; Linux x86_64) AppleWebKit/537.36 (KHTML, like Gecko) Chrome/90.0.4430.72 Safari/537.36"
::1 - - [29/Apr/2021:16:23:48 +0000] "GET / HTTP/1.1" 304 - "-" "Mozilla/5.0 (X11; Linux x86_64) AppleWebKit/537.36 (KHTML, like Gecko) Chrome/90.0.4430.72 Safari/537.36"
::1 - - [29/Apr/2021:16:23:48 +0000] "GET /css/layout-7baa573782.css HTTP/1.1" 404 164 "http://localhost:8000/" "Mozilla/5.0 (X11; Linux x86_64) AppleWebKit/537.36 (KHTML, like Gecko) Chrome/90.0.4430.72 Safari/537.36"
::1 - - [29/Apr/2021:16:23:48 +0000] "GET /css/header-1330a29a04.css HTTP/1.1" 404 164 "http://localhost:8000/" "Mozilla/5.0 (X11; Linux x86_64) AppleWebKit/537.36 (KHTML, like Gecko) Chrome/90.0.4430.72 Safari/537.36"
::1 - - [29/Apr/2021:16:23:48 +0000] "GET /css/footer-18d3719a47.css HTTP/1.1" 404 164 "http://localhost:8000/" "Mozilla/5.0 (X11; Linux x86_64) AppleWebKit/537.36 (KHTML, like Gecko) Chrome/90.0.4430.72 Safari/537.36"
::1 - - [29/Apr/2021:16:23:48 +0000] "GET /css/chatbox-2b33ec51ea.css HTTP/1.1" 404 165 "http://localhost:8000/" "Mozilla/5.0 (X11; Linux x86_64) AppleWebKit/537.36 (KHTML, like Gecko) Chrome/90.0.4430.72 Safari/537.36"
::1 - - [29/Apr/2021:16:23:48 +0000] "GET /css/home-6ee64b0100.css HTTP/1.1" 404 162 "http://localhost:8000/" "Mozilla/5.0 (X11; Linux x86_64) AppleWebKit/537.36 (KHTML, like Gecko) Chrome/90.0.4430.72 Safari/537.36"
::1 - - [29/Apr/2021:16:23:48 +0000] "GET /js/home_posts-653447eaa3.js HTTP/1.1" 404 166 "http://localhost:8000/" "Mozilla/5.0 (X11; Linux x86_64) AppleWebKit/537.36 (KHTML, like Gecko) Chrome/90.0.4430.72 Safari/537.36"
::1 - - [29/Apr/2021:16:23:48 +0000] "GET /js/home_comments-543c45412e.js HTTP/1.1" 404 169 "http://localhost:8000/" "Mozilla/5.0 (X11; Linux x86_64) AppleWebKit/537.36 (KHTML, like Gecko) Chrome/90.0.4430.72 Safari/537.36"
::1 - - [29/Apr/2021:16:23:48 +0000] "GET /js/toggle_likes-d7c13ebd0e.js HTTP/1.1" 404 168 "http://localhost:8000/" "Mozilla/5.0 (X11; Linux x86_64) AppleWebKit/537.36 (KHTML, like Gecko) Chrome/90.0.4430.72 Safari/537.36"
::1 - - [29/Apr/2021:16:23:48 +0000] "GET /js/chat_engine-4380333f9a.js HTTP/1.1" 404 167 "http://localhost:8000/" "Mozilla/5.0 (X11; Linux x86_64) AppleWebKit/537.36 (KHTML, like Gecko) Chrome/90.0.4430.72 Safari/537.36"
::1 - - [29/Apr/2021:16:25:45 +0000] "GET / HTTP/1.1" 304 - "-" "Mozilla/5.0 (X11; Linux x86_64) AppleWebKit/537.36 (KHTML, like Gecko) Chrome/90.0.4430.72 Safari/537.36"
::1 - - [29/Apr/2021:16:25:49 +0000] "GET /users/profile/60897f9a7c0ea638a5715e83 HTTP/1.1" 302 72 "http://localhost:8000/" "Mozilla/5.0 (X11; Linux x86_64) AppleWebKit/537.36 (KHTML, like Gecko) Chrome/90.0.4430.72 Safari/537.36"
::1 - - [29/Apr/2021:16:25:49 +0000] "GET /users/sign-in HTTP/1.1" 200 1787 "http://localhost:8000/" "Mozilla/5.0 (X11; Linux x86_64) AppleWebKit/537.36 (KHTML, like Gecko) Chrome/90.0.4430.72 Safari/537.36"
::1 - - [29/Apr/2021:16:25:52 +0000] "GET / HTTP/1.1" 304 - "http://localhost:8000/users/sign-in" "Mozilla/5.0 (X11; Linux x86_64) AppleWebKit/537.36 (KHTML, like Gecko) Chrome/90.0.4430.72 Safari/537.36"
